# JRE version: OpenJDK Runtime Environment (11.0.13) (build 11.0.13+0-b1751.21-8125866)
# Java VM: OpenJDK 64-Bit Server VM (11.0.13+0-b1751.21-8125866, mixed mode, tiered, compressed oops, g1 gc, windows-amd64)
Heap:
 garbage-first heap   total 373760K, used 287904K [0x00000000c0000000, 0x0000000100000000)
  region size 1024K, 4 young (4096K), 1 survivors (1024K)
 Metaspace       used 80627K, capacity 82886K, committed 83024K, reserved 1122304K
  class space    used 10379K, capacity 11158K, committed 11264K, reserved 1048576K
GC Heap History (20 events):
Event: 9.451 GC heap before
{Heap before GC invocations=38 (full 0):
 garbage-first heap   total 122880K, used 93553K [0x00000000c0000000, 0x0000000100000000)
  region size 1024K, 10 young (10240K), 3 survivors (3072K)
 Metaspace       used 74377K, capacity 76473K, committed 77136K, reserved 1116160K
  class space    used 9571K, capacity 10312K, committed 10496K, reserved 1048576K
}
Event: 9.454 GC heap after
{Heap after GC invocations=39 (full 0):
 garbage-first heap   total 122880K, used 88933K [0x00000000c0000000, 0x0000000100000000)
  region size 1024K, 2 young (2048K), 2 survivors (2048K)
 Metaspace       used 74377K, capacity 76473K, committed 77136K, reserved 1116160K
  class space    used 9571K, capacity 10312K, committed 10496K, reserved 1048576K
}
Event: 9.554 GC heap before
{Heap before GC invocations=40 (full 0):
 garbage-first heap   total 122880K, used 106341K [0x00000000c0000000, 0x0000000100000000)
  region size 1024K, 16 young (16384K), 2 survivors (2048K)
 Metaspace       used 74463K, capacity 76540K, committed 77136K, reserved 1116160K
  class space    used 9578K, capacity 10313K, committed 10496K, reserved 1048576K
}
Event: 9.561 GC heap after
{Heap after GC invocations=41 (full 0):
 garbage-first heap   total 147456K, used 90163K [0x00000000c0000000, 0x0000000100000000)
  region size 1024K, 2 young (2048K), 2 survivors (2048K)
 Metaspace       used 74463K, capacity 76540K, committed 77136K, reserved 1116160K
  class space    used 9578K, capacity 10313K, committed 10496K, reserved 1048576K
}
Event: 9.716 GC heap before
{Heap before GC invocations=41 (full 0):
 garbage-first heap   total 147456K, used 105523K [0x00000000c0000000, 0x0000000100000000)
  region size 1024K, 19 young (19456K), 2 survivors (2048K)
 Metaspace       used 74639K, capacity 76726K, committed 77136K, reserved 1116160K
  class space    used 9592K, capacity 10326K, committed 10496K, reserved 1048576K
}
Event: 9.720 GC heap after
{Heap after GC invocations=42 (full 0):
 garbage-first heap   total 147456K, used 91090K [0x00000000c0000000, 0x0000000100000000)
  region size 1024K, 3 young (3072K), 3 survivors (3072K)
 Metaspace       used 74639K, capacity 76726K, committed 77136K, reserved 1116160K
  class space    used 9592K, capacity 10326K, committed 10496K, reserved 1048576K
}
Event: 9.802 GC heap before
{Heap before GC invocations=43 (full 0):
 garbage-first heap   total 147456K, used 109522K [0x00000000c0000000, 0x0000000100000000)
  region size 1024K, 19 young (19456K), 3 survivors (3072K)
 Metaspace       used 74678K, capacity 76796K, committed 77392K, reserved 1116160K
  class space    used 9593K, capacity 10326K, committed 10496K, reserved 1048576K
}
Event: 9.806 GC heap after
{Heap after GC invocations=44 (full 0):
 garbage-first heap   total 147456K, used 92340K [0x00000000c0000000, 0x0000000100000000)
  region size 1024K, 3 young (3072K), 3 survivors (3072K)
 Metaspace       used 74678K, capacity 76796K, committed 77392K, reserved 1116160K
  class space    used 9593K, capacity 10326K, committed 10496K, reserved 1048576K
}
Event: 9.946 GC heap before
{Heap before GC invocations=45 (full 0):
 garbage-first heap   total 147456K, used 118964K [0x00000000c0000000, 0x0000000100000000)
  region size 1024K, 26 young (26624K), 3 survivors (3072K)
 Metaspace       used 74753K, capacity 76876K, committed 77392K, reserved 1116160K
  class space    used 9594K, capacity 10327K, committed 10496K, reserved 1048576K
}
Event: 9.951 GC heap after
{Heap after GC invocations=46 (full 0):
 garbage-first heap   total 147456K, used 93747K [0x00000000c0000000, 0x0000000100000000)
  region size 1024K, 3 young (3072K), 3 survivors (3072K)
 Metaspace       used 74753K, capacity 76876K, committed 77392K, reserved 1116160K
  class space    used 9594K, capacity 10327K, committed 10496K, reserved 1048576K
}
Event: 10.107 GC heap before
{Heap before GC invocations=46 (full 0):
 garbage-first heap   total 147456K, used 108083K [0x00000000c0000000, 0x0000000100000000)
  region size 1024K, 19 young (19456K), 3 survivors (3072K)
 Metaspace       used 75118K, capacity 77267K, committed 77776K, reserved 1116160K
  class space    used 9649K, capacity 10457K, committed 10624K, reserved 1048576K
}
Event: 10.113 GC heap after
{Heap after GC invocations=47 (full 0):
 garbage-first heap   total 187392K, used 94563K [0x00000000c0000000, 0x0000000100000000)
  region size 1024K, 3 young (3072K), 3 survivors (3072K)
 Metaspace       used 75118K, capacity 77267K, committed 77776K, reserved 1116160K
  class space    used 9649K, capacity 10457K, committed 10624K, reserved 1048576K
}
Event: 10.721 GC heap before
{Heap before GC invocations=48 (full 0):
 garbage-first heap   total 187392K, used 142691K [0x00000000c0000000, 0x0000000100000000)
  region size 1024K, 47 young (48128K), 3 survivors (3072K)
 Metaspace       used 78122K, capacity 80334K, committed 80720K, reserved 1120256K
  class space    used 10034K, capacity 10841K, committed 11008K, reserved 1048576K
}
Event: 10.725 GC heap after
{Heap after GC invocations=49 (full 0):
 garbage-first heap   total 187392K, used 97340K [0x00000000c0000000, 0x0000000100000000)
  region size 1024K, 6 young (6144K), 6 survivors (6144K)
 Metaspace       used 78122K, capacity 80334K, committed 80720K, reserved 1120256K
  class space    used 10034K, capacity 10841K, committed 11008K, reserved 1048576K
}
Event: 11.021 GC heap before
{Heap before GC invocations=49 (full 0):
 garbage-first heap   total 187392K, used 112700K [0x00000000c0000000, 0x0000000100000000)
  region size 1024K, 23 young (23552K), 6 survivors (6144K)
 Metaspace       used 80142K, capacity 82449K, committed 82640K, reserved 1120256K
  class space    used 10318K, capacity 11081K, committed 11136K, reserved 1048576K
}
Event: 11.027 GC heap after
{Heap after GC invocations=50 (full 0):
 garbage-first heap   total 187392K, used 99090K [0x00000000c0000000, 0x0000000100000000)
  region size 1024K, 5 young (5120K), 5 survivors (5120K)
 Metaspace       used 80142K, capacity 82449K, committed 82640K, reserved 1120256K
  class space    used 10318K, capacity 11081K, committed 11136K, reserved 1048576K
}
Event: 11.302 GC heap before
{Heap before GC invocations=51 (full 0):
 garbage-first heap   total 279552K, used 254738K [0x00000000c0000000, 0x0000000100000000)
  region size 1024K, 41 young (41984K), 5 survivors (5120K)
 Metaspace       used 80361K, capacity 82666K, committed 83024K, reserved 1122304K
  class space    used 10338K, capacity 11150K, committed 11264K, reserved 1048576K
}
Event: 11.314 GC heap after
{Heap after GC invocations=52 (full 0):
 garbage-first heap   total 279552K, used 219279K [0x00000000c0000000, 0x0000000100000000)
  region size 1024K, 4 young (4096K), 4 survivors (4096K)
 Metaspace       used 80361K, capacity 82666K, committed 83024K, reserved 1122304K
  class space    used 10338K, capacity 11150K, committed 11264K, reserved 1048576K
}
Event: 11.638 GC heap before
{Heap before GC invocations=53 (full 0):
 garbage-first heap   total 326656K, used 283791K [0x00000000c0000000, 0x0000000100000000)
  region size 1024K, 7 young (7168K), 4 survivors (4096K)
 Metaspace       used 80405K, capacity 82666K, committed 83024K, reserved 1122304K
  class space    used 10345K, capacity 11150K, committed 11264K, reserved 1048576K
}
Event: 11.641 GC heap after
{Heap after GC invocations=54 (full 0):
 garbage-first heap   total 326656K, used 238752K [0x00000000c0000000, 0x0000000100000000)
  region size 1024K, 1 young (1024K), 1 survivors (1024K)
 Metaspace       used 80405K, capacity 82666K, committed 83024K, reserved 1122304K
  class space    used 10345K, capacity 11150K, committed 11264K, reserved 1048576K
}

