# JRE version: OpenJDK Runtime Environment (11.0.13) (build 11.0.13+0-b1751.21-8125866)
# Java VM: OpenJDK 64-Bit Server VM (11.0.13+0-b1751.21-8125866, mixed mode, tiered, compressed oops, g1 gc, windows-amd64)
Heap:
 garbage-first heap   total 305152K, used 176658K [0x00000000c0000000, 0x0000000100000000)
  region size 1024K, 20 young (20480K), 6 survivors (6144K)
 Metaspace       used 104893K, capacity 107819K, committed 109264K, reserved 1144832K
  class space    used 13303K, capacity 14394K, committed 14976K, reserved 1048576K
GC Heap History (20 events):
Event: 16.344 GC heap before
{Heap before GC invocations=61 (full 0):
 garbage-first heap   total 212992K, used 145349K [0x00000000c0000000, 0x0000000100000000)
  region size 1024K, 34 young (34816K), 8 survivors (8192K)
 Metaspace       used 93230K, capacity 95730K, committed 96080K, reserved 1132544K
  class space    used 11730K, capacity 12674K, committed 12800K, reserved 1048576K
}
Event: 16.350 GC heap after
{Heap after GC invocations=62 (full 0):
 garbage-first heap   total 212992K, used 120770K [0x00000000c0000000, 0x0000000100000000)
  region size 1024K, 3 young (3072K), 3 survivors (3072K)
 Metaspace       used 93230K, capacity 95730K, committed 96080K, reserved 1132544K
  class space    used 11730K, capacity 12674K, committed 12800K, reserved 1048576K
}
Event: 16.656 GC heap before
{Heap before GC invocations=63 (full 0):
 garbage-first heap   total 212992K, used 165826K [0x00000000c0000000, 0x0000000100000000)
  region size 1024K, 44 young (45056K), 3 survivors (3072K)
 Metaspace       used 96258K, capacity 99007K, committed 99152K, reserved 1134592K
  class space    used 12179K, capacity 13229K, committed 13312K, reserved 1048576K
}
Event: 16.660 GC heap after
{Heap after GC invocations=64 (full 0):
 garbage-first heap   total 212992K, used 124025K [0x00000000c0000000, 0x0000000100000000)
  region size 1024K, 6 young (6144K), 6 survivors (6144K)
 Metaspace       used 96258K, capacity 99007K, committed 99152K, reserved 1134592K
  class space    used 12179K, capacity 13229K, committed 13312K, reserved 1048576K
}
Event: 16.690 GC heap before
{Heap before GC invocations=64 (full 0):
 garbage-first heap   total 212992K, used 127097K [0x00000000c0000000, 0x0000000100000000)
  region size 1024K, 10 young (10240K), 6 survivors (6144K)
 Metaspace       used 96376K, capacity 99143K, committed 99408K, reserved 1136640K
  class space    used 12195K, capacity 13232K, committed 13312K, reserved 1048576K
}
Event: 16.695 GC heap after
{Heap after GC invocations=65 (full 0):
 garbage-first heap   total 212992K, used 124779K [0x00000000c0000000, 0x0000000100000000)
  region size 1024K, 2 young (2048K), 2 survivors (2048K)
 Metaspace       used 96376K, capacity 99143K, committed 99408K, reserved 1136640K
  class space    used 12195K, capacity 13232K, committed 13312K, reserved 1048576K
}
Event: 16.974 GC heap before
{Heap before GC invocations=65 (full 0):
 garbage-first heap   total 212992K, used 165739K [0x00000000c0000000, 0x0000000100000000)
  region size 1024K, 43 young (44032K), 2 survivors (2048K)
 Metaspace       used 100399K, capacity 103582K, committed 103760K, reserved 1138688K
  class space    used 12940K, capacity 14243K, committed 14336K, reserved 1048576K
}
Event: 16.985 GC heap after
{Heap after GC invocations=66 (full 0):
 garbage-first heap   total 212992K, used 134554K [0x00000000c0000000, 0x0000000100000000)
  region size 1024K, 6 young (6144K), 6 survivors (6144K)
 Metaspace       used 100399K, capacity 103582K, committed 103760K, reserved 1138688K
  class space    used 12940K, capacity 14243K, committed 14336K, reserved 1048576K
}
Event: 17.156 GC heap before
{Heap before GC invocations=67 (full 0):
 garbage-first heap   total 212992K, used 169370K [0x00000000c0000000, 0x0000000100000000)
  region size 1024K, 41 young (41984K), 6 survivors (6144K)
 Metaspace       used 100678K, capacity 103663K, committed 104656K, reserved 1140736K
  class space    used 12973K, capacity 14214K, committed 14464K, reserved 1048576K
}
Event: 17.166 GC heap after
{Heap after GC invocations=68 (full 0):
 garbage-first heap   total 212992K, used 138788K [0x00000000c0000000, 0x0000000100000000)
  region size 1024K, 6 young (6144K), 6 survivors (6144K)
 Metaspace       used 100678K, capacity 103663K, committed 104656K, reserved 1140736K
  class space    used 12973K, capacity 14214K, committed 14464K, reserved 1048576K
}
Event: 17.196 GC heap before
{Heap before GC invocations=68 (full 0):
 garbage-first heap   total 212992K, used 141860K [0x00000000c0000000, 0x0000000100000000)
  region size 1024K, 10 young (10240K), 6 survivors (6144K)
 Metaspace       used 100932K, capacity 104000K, committed 104656K, reserved 1140736K
  class space    used 12999K, capacity 14241K, committed 14464K, reserved 1048576K
}
Event: 17.201 GC heap after
{Heap after GC invocations=69 (full 0):
 garbage-first heap   total 212992K, used 133011K [0x00000000c0000000, 0x0000000100000000)
  region size 1024K, 2 young (2048K), 2 survivors (2048K)
 Metaspace       used 100932K, capacity 104000K, committed 104656K, reserved 1140736K
  class space    used 12999K, capacity 14241K, committed 14464K, reserved 1048576K
}
Event: 17.318 GC heap before
{Heap before GC invocations=69 (full 0):
 garbage-first heap   total 212992K, used 168851K [0x00000000c0000000, 0x0000000100000000)
  region size 1024K, 39 young (39936K), 2 survivors (2048K)
 Metaspace       used 101548K, capacity 104690K, committed 104912K, reserved 1140736K
  class space    used 13089K, capacity 14362K, committed 14464K, reserved 1048576K
}
Event: 17.321 GC heap after
{Heap after GC invocations=70 (full 0):
 garbage-first heap   total 212992K, used 134025K [0x00000000c0000000, 0x0000000100000000)
  region size 1024K, 3 young (3072K), 3 survivors (3072K)
 Metaspace       used 101548K, capacity 104690K, committed 104912K, reserved 1140736K
  class space    used 13089K, capacity 14362K, committed 14464K, reserved 1048576K
}
Event: 17.630 GC heap before
{Heap before GC invocations=70 (full 0):
 garbage-first heap   total 212992K, used 171913K [0x00000000c0000000, 0x0000000100000000)
  region size 1024K, 40 young (40960K), 3 survivors (3072K)
 Metaspace       used 103012K, capacity 106101K, committed 106320K, reserved 1140736K
  class space    used 13223K, capacity 14501K, committed 14592K, reserved 1048576K
}
Event: 17.632 GC heap after
{Heap after GC invocations=71 (full 0):
 garbage-first heap   total 212992K, used 133329K [0x00000000c0000000, 0x0000000100000000)
  region size 1024K, 2 young (2048K), 2 survivors (2048K)
 Metaspace       used 103012K, capacity 106101K, committed 106320K, reserved 1140736K
  class space    used 13223K, capacity 14501K, committed 14592K, reserved 1048576K
}
Event: 17.910 GC heap before
{Heap before GC invocations=71 (full 0):
 garbage-first heap   total 212992K, used 175313K [0x00000000c0000000, 0x0000000100000000)
  region size 1024K, 41 young (41984K), 2 survivors (2048K)
 Metaspace       used 103922K, capacity 107163K, committed 107472K, reserved 1142784K
  class space    used 13353K, capacity 14663K, committed 14720K, reserved 1048576K
}
Event: 17.915 GC heap after
{Heap after GC invocations=72 (full 0):
 garbage-first heap   total 212992K, used 135745K [0x00000000c0000000, 0x0000000100000000)
  region size 1024K, 4 young (4096K), 4 survivors (4096K)
 Metaspace       used 103922K, capacity 107163K, committed 107472K, reserved 1142784K
  class space    used 13353K, capacity 14663K, committed 14720K, reserved 1048576K
}
Event: 18.634 GC heap before
{Heap before GC invocations=72 (full 0):
 garbage-first heap   total 212992K, used 167489K [0x00000000c0000000, 0x0000000100000000)
  region size 1024K, 22 young (22528K), 4 survivors (4096K)
 Metaspace       used 105573K, capacity 108869K, committed 109008K, reserved 1142784K
  class space    used 13573K, capacity 14901K, committed 14976K, reserved 1048576K
}
Event: 18.639 GC heap after
{Heap after GC invocations=73 (full 0):
 garbage-first heap   total 212992K, used 154130K [0x00000000c0000000, 0x0000000100000000)
  region size 1024K, 6 young (6144K), 6 survivors (6144K)
 Metaspace       used 105573K, capacity 108869K, committed 109008K, reserved 1142784K
  class space    used 13573K, capacity 14901K, committed 14976K, reserved 1048576K
}

