# JRE version: OpenJDK Runtime Environment (11.0.13) (build 11.0.13+0-b1751.21-8125866)
# Java VM: OpenJDK 64-Bit Server VM (11.0.13+0-b1751.21-8125866, mixed mode, tiered, compressed oops, g1 gc, windows-amd64)
Heap:
 garbage-first heap   total 493568K, used 358693K [0x00000000c0000000, 0x0000000100000000)
  region size 1024K, 25 young (25600K), 5 survivors (5120K)
 Metaspace       used 132481K, capacity 137031K, committed 137296K, reserved 1169408K
  class space    used 16552K, capacity 18235K, committed 18304K, reserved 1048576K
GC Heap History (20 events):
Event: 192.110 GC heap before
{Heap before GC invocations=164 (full 0):
 garbage-first heap   total 225280K, used 203179K [0x00000000c0000000, 0x0000000100000000)
  region size 1024K, 11 young (11264K), 2 survivors (2048K)
 Metaspace       used 123505K, capacity 127311K, committed 127568K, reserved 1161216K
  class space    used 15204K, capacity 16501K, committed 16512K, reserved 1048576K
}
Event: 192.117 GC heap after
{Heap after GC invocations=165 (full 0):
 garbage-first heap   total 286720K, used 198760K [0x00000000c0000000, 0x0000000100000000)
  region size 1024K, 2 young (2048K), 2 survivors (2048K)
 Metaspace       used 123505K, capacity 127311K, committed 127568K, reserved 1161216K
  class space    used 15204K, capacity 16501K, committed 16512K, reserved 1048576K
}
Event: 192.430 GC heap before
{Heap before GC invocations=166 (full 0):
 garbage-first heap   total 286720K, used 221288K [0x00000000c0000000, 0x0000000100000000)
  region size 1024K, 25 young (25600K), 2 survivors (2048K)
 Metaspace       used 125977K, capacity 129882K, committed 130000K, reserved 1163264K
  class space    used 15703K, capacity 17150K, committed 17152K, reserved 1048576K
}
Event: 192.439 GC heap after
{Heap after GC invocations=167 (full 0):
 garbage-first heap   total 286720K, used 202813K [0x00000000c0000000, 0x0000000100000000)
  region size 1024K, 4 young (4096K), 4 survivors (4096K)
 Metaspace       used 125977K, capacity 129882K, committed 130000K, reserved 1163264K
  class space    used 15703K, capacity 17150K, committed 17152K, reserved 1048576K
}
Event: 192.496 GC heap before
{Heap before GC invocations=167 (full 0):
 garbage-first heap   total 286720K, used 213053K [0x00000000c0000000, 0x0000000100000000)
  region size 1024K, 14 young (14336K), 4 survivors (4096K)
 Metaspace       used 126678K, capacity 130643K, committed 130768K, reserved 1163264K
  class space    used 15809K, capacity 17297K, committed 17408K, reserved 1048576K
}
Event: 192.501 GC heap after
{Heap after GC invocations=168 (full 0):
 garbage-first heap   total 286720K, used 195403K [0x00000000c0000000, 0x0000000100000000)
  region size 1024K, 2 young (2048K), 2 survivors (2048K)
 Metaspace       used 126678K, capacity 130643K, committed 130768K, reserved 1163264K
  class space    used 15809K, capacity 17297K, committed 17408K, reserved 1048576K
}
Event: 192.626 GC heap before
{Heap before GC invocations=168 (full 0):
 garbage-first heap   total 286720K, used 222027K [0x00000000c0000000, 0x0000000100000000)
  region size 1024K, 28 young (28672K), 2 survivors (2048K)
 Metaspace       used 127576K, capacity 131680K, committed 131920K, reserved 1163264K
  class space    used 15940K, capacity 17448K, committed 17536K, reserved 1048576K
}
Event: 192.631 GC heap after
{Heap after GC invocations=169 (full 0):
 garbage-first heap   total 286720K, used 199390K [0x00000000c0000000, 0x0000000100000000)
  region size 1024K, 4 young (4096K), 4 survivors (4096K)
 Metaspace       used 127576K, capacity 131680K, committed 131920K, reserved 1163264K
  class space    used 15940K, capacity 17448K, committed 17536K, reserved 1048576K
}
Event: 192.731 GC heap before
{Heap before GC invocations=169 (full 0):
 garbage-first heap   total 286720K, used 226014K [0x00000000c0000000, 0x0000000100000000)
  region size 1024K, 31 young (31744K), 4 survivors (4096K)
 Metaspace       used 128254K, capacity 132343K, committed 132560K, reserved 1165312K
  class space    used 16033K, capacity 17560K, committed 17664K, reserved 1048576K
}
Event: 192.736 GC heap after
{Heap after GC invocations=170 (full 0):
 garbage-first heap   total 354304K, used 199294K [0x00000000c0000000, 0x0000000100000000)
  region size 1024K, 3 young (3072K), 3 survivors (3072K)
 Metaspace       used 128254K, capacity 132343K, committed 132560K, reserved 1165312K
  class space    used 16033K, capacity 17560K, committed 17664K, reserved 1048576K
}
Event: 193.271 GC heap before
{Heap before GC invocations=170 (full 0):
 garbage-first heap   total 354304K, used 255614K [0x00000000c0000000, 0x0000000100000000)
  region size 1024K, 58 young (59392K), 3 survivors (3072K)
 Metaspace       used 129810K, capacity 133922K, committed 134224K, reserved 1165312K
  class space    used 16199K, capacity 17733K, committed 17792K, reserved 1048576K
}
Event: 193.274 GC heap after
{Heap after GC invocations=171 (full 0):
 garbage-first heap   total 354304K, used 198386K [0x00000000c0000000, 0x0000000100000000)
  region size 1024K, 2 young (2048K), 2 survivors (2048K)
 Metaspace       used 129810K, capacity 133922K, committed 134224K, reserved 1165312K
  class space    used 16199K, capacity 17733K, committed 17792K, reserved 1048576K
}
Event: 194.571 GC heap before
{Heap before GC invocations=171 (full 0):
 garbage-first heap   total 354304K, used 265970K [0x00000000c0000000, 0x0000000100000000)
  region size 1024K, 64 young (65536K), 2 survivors (2048K)
 Metaspace       used 131748K, capacity 136016K, committed 136144K, reserved 1167360K
  class space    used 16476K, capacity 18058K, committed 18176K, reserved 1048576K
}
Event: 194.576 GC heap after
{Heap after GC invocations=172 (full 0):
 garbage-first heap   total 354304K, used 201640K [0x00000000c0000000, 0x0000000100000000)
  region size 1024K, 4 young (4096K), 4 survivors (4096K)
 Metaspace       used 131748K, capacity 136016K, committed 136144K, reserved 1167360K
  class space    used 16476K, capacity 18058K, committed 18176K, reserved 1048576K
}
Event: 206.012 GC heap before
{Heap before GC invocations=172 (full 0):
 garbage-first heap   total 354304K, used 268200K [0x00000000c0000000, 0x0000000100000000)
  region size 1024K, 70 young (71680K), 4 survivors (4096K)
 Metaspace       used 132212K, capacity 136689K, committed 136912K, reserved 1167360K
  class space    used 16520K, capacity 18128K, committed 18176K, reserved 1048576K
}
Event: 206.021 GC heap after
{Heap after GC invocations=173 (full 0):
 garbage-first heap   total 354304K, used 207679K [0x00000000c0000000, 0x0000000100000000)
  region size 1024K, 9 young (9216K), 9 survivors (9216K)
 Metaspace       used 132212K, capacity 136689K, committed 136912K, reserved 1167360K
  class space    used 16520K, capacity 18128K, committed 18176K, reserved 1048576K
}
Event: 206.496 GC heap before
{Heap before GC invocations=173 (full 0):
 garbage-first heap   total 354304K, used 274239K [0x00000000c0000000, 0x0000000100000000)
  region size 1024K, 75 young (76800K), 9 survivors (9216K)
 Metaspace       used 132304K, capacity 136763K, committed 136912K, reserved 1167360K
  class space    used 16532K, capacity 18150K, committed 18176K, reserved 1048576K
}
Event: 206.509 GC heap after
{Heap after GC invocations=174 (full 0):
 garbage-first heap   total 354304K, used 209916K [0x00000000c0000000, 0x0000000100000000)
  region size 1024K, 3 young (3072K), 3 survivors (3072K)
 Metaspace       used 132304K, capacity 136763K, committed 136912K, reserved 1167360K
  class space    used 16532K, capacity 18150K, committed 18176K, reserved 1048576K
}
Event: 206.964 GC heap before
{Heap before GC invocations=174 (full 0):
 garbage-first heap   total 354304K, used 295932K [0x00000000c0000000, 0x0000000100000000)
  region size 1024K, 61 young (62464K), 3 survivors (3072K)
 Metaspace       used 132478K, capacity 137031K, committed 137296K, reserved 1169408K
  class space    used 16552K, capacity 18235K, committed 18304K, reserved 1048576K
}
Event: 206.969 GC heap after
{Heap after GC invocations=175 (full 0):
 garbage-first heap   total 354304K, used 238885K [0x00000000c0000000, 0x0000000100000000)
  region size 1024K, 5 young (5120K), 5 survivors (5120K)
 Metaspace       used 132478K, capacity 137031K, committed 137296K, reserved 1169408K
  class space    used 16552K, capacity 18235K, committed 18304K, reserved 1048576K
}

